<?xml version="1.0" encoding="UTF-8"?>
<testsuite xmlns:xsi="http://www.w3.org/2001/XMLSchema-instance" xsi:noNamespaceSchemaLocation="https://maven.apache.org/surefire/maven-surefire-plugin/xsd/surefire-test-report-3.0.xsd" version="3.0" name="edu.uees.tutorias.service.ServicioReservasTest" time="0.228" tests="11" errors="0" skipped="0" failures="0">
  <properties>
[...]
</properties>
  <testcase name="crearReserva_debeRegistrarLaReservaEnElHistorialDelEstudiante" classname="edu.uees.tutorias.service.ServicioReservasTest" time="0.111">
    <system-out><![CDATA[EMAIL a ana@uees.edu.ec: Reserva creada. ID=1
=== TICKET ===
Reserva   : 1
Estudiante: Ana Lopez
Horario   : 100
Materia   : Diseno de Software
==============
AUDIT: reserva 1 creada por Ana Lopez en horario 100
]]></system-out>
  </testcase>
  <testcase name="reprogramarReserva_aHorarioDisponible_debeLiberarHorarioAnteriorYOcuparNuevo" classname="edu.uees.tutorias.service.ServicioReservasTest" time="0.009">
    <system-out><![CDATA[EMAIL a ana@uees.edu.ec: Reserva creada. ID=1
=== TICKET ===
Reserva   : 1
Estudiante: Ana Lopez
Horario   : 100
Materia   : Diseno de Software
==============
AUDIT: reserva 1 creada por Ana Lopez en horario 100
EMAIL a ana@uees.edu.ec: Reserva 1 reprogramada a horario 101
AUDIT: reserva 1 reprogramada a horario 101
]]></system-out>
  </testcase>
  <testcase name="crearReserva_conAnticipacionInsuficiente_debeRetornarNulo" classname="edu.uees.tutorias.service.ServicioReservasTest" time="0.005"/>
  <testcase name="puedeCancelar_reservaValidaConAnticipacionSuficiente_debeRetornarTrue" classname="edu.uees.tutorias.service.ServicioReservasTest" time="0.003">
    <system-out><![CDATA[EMAIL a ana@uees.edu.ec: Reserva creada. ID=1
=== TICKET ===
Reserva   : 1
Estudiante: Ana Lopez
Horario   : 100
Materia   : Diseno de Software
==============
AUDIT: reserva 1 creada por Ana Lopez en horario 100
]]></system-out>
  </testcase>
  <testcase name="crearReserva_conDatosValidos_debeOcuparHorarioYRetornarReserva" classname="edu.uees.tutorias.service.ServicioReservasTest" time="0.004">
    <system-out><![CDATA[EMAIL a ana@uees.edu.ec: Reserva creada. ID=1
=== TICKET ===
Reserva   : 1
Estudiante: Ana Lopez
Horario   : 100
Materia   : Diseno de Software
==============
AUDIT: reserva 1 creada por Ana Lopez en horario 100
]]></system-out>
  </testcase>
  <testcase name="confirmarReserva_reservaExistente_debeCambiarEstadoAConfirmada" classname="edu.uees.tutorias.service.ServicioReservasTest" time="0.008">
    <system-out><![CDATA[EMAIL a ana@uees.edu.ec: Reserva creada. ID=1
=== TICKET ===
Reserva   : 1
Estudiante: Ana Lopez
Horario   : 100
Materia   : Diseno de Software
==============
AUDIT: reserva 1 creada por Ana Lopez en horario 100
EMAIL a ana@uees.edu.ec: Reserva 1 confirmada.
AUDIT: reserva 1 confirmada.
]]></system-out>
  </testcase>
  <testcase name="cancelarReserva_conAnticipacionInsuficiente_noDebeCancelar" classname="edu.uees.tutorias.service.ServicioReservasTest" time="0.003">
    <system-out><![CDATA[EMAIL a ana@uees.edu.ec: Reserva creada. ID=1
=== TICKET ===
Reserva   : 1
Estudiante: Ana Lopez
Horario   : 100
Materia   : Diseno de Software
==============
AUDIT: reserva 1 creada por Ana Lopez en horario 100
]]></system-out>
  </testcase>
  <testcase name="reprogramarReserva_aHorarioNoDisponible_noDebeReprogramar" classname="edu.uees.tutorias.service.ServicioReservasTest" time="0.003">
    <system-out><![CDATA[EMAIL a ana@uees.edu.ec: Reserva creada. ID=1
=== TICKET ===
Reserva   : 1
Estudiante: Ana Lopez
Horario   : 100
Materia   : Diseno de Software
==============
AUDIT: reserva 1 creada por Ana Lopez en horario 100
]]></system-out>
  </testcase>
  <testcase name="crearReserva_conEstudianteNulo_debeRetornarNulo" classname="edu.uees.tutorias.service.ServicioReservasTest" time="0.003"/>
  <testcase name="puedeCancelar_reservaNula_debeRetornarFalse" classname="edu.uees.tutorias.service.ServicioReservasTest" time="0.003"/>
  <testcase name="cancelarReserva_conAnticipacionSuficiente_debeCancelarYLiberarHorario" classname="edu.uees.tutorias.service.ServicioReservasTest" time="0.003">
    <system-out><![CDATA[EMAIL a ana@uees.edu.ec: Reserva creada. ID=1
=== TICKET ===
Reserva   : 1
Estudiante: Ana Lopez
Horario   : 100
Materia   : Diseno de Software
==============
AUDIT: reserva 1 creada por Ana Lopez en horario 100
EMAIL a ana@uees.edu.ec: Reserva 1 cancelada.
AUDIT: reserva 1 cancelada.
]]></system-out>
  </testcase>
</testsuite>